<?xml version="1.0" encoding="UTF-8"?>
<!-- Generated by org.testng.reporters.JUnitReportReporter -->
<testsuite skipped="0" hostname="INHYNJRAYALA01" name="utils.ExcelDataProvider" tests="3" failures="0" timestamp="2021-04-01T16:01:06 IST" time="9.680" errors="0">
  <testcase name="test1" time="3.967" classname="utils.ExcelDataProvider"/>
  <system-out/>
  <testcase name="test1" time="2.975" classname="utils.ExcelDataProvider"/>
  <system-out/>
  <testcase name="test1" time="2.738" classname="utils.ExcelDataProvider"/>
  <system-out/>
</testsuite> <!-- utils.ExcelDataProvider -->
