<?xml version="1.0" encoding="UTF-8"?>
<!-- Generated by org.testng.reporters.JUnitReportReporter -->
<testsuite skipped="0" hostname="INHYNJRAYALA01" name="listeners.TestNGListenerDemo2" tests="3" failures="0" timestamp="2021-04-13T14:19:35 IST" time="24.017" errors="0">
  <testcase name="test4" time="24.015" classname="listeners.TestNGListenerDemo2"/>
  <system-out/>
  <testcase name="test5" time="0.001" classname="listeners.TestNGListenerDemo2"/>
  <system-out/>
  <testcase name="test6" time="0.001" classname="listeners.TestNGListenerDemo2"/>
  <system-out/>
</testsuite> <!-- listeners.TestNGListenerDemo2 -->
