<?xml version="1.0" encoding="UTF-8"?>
<!-- Generated by org.testng.reporters.JUnitReportReporter -->
<testsuite skipped="0" hostname="INHYNJRAYALA01" name="demo.OrangeHRMLive" tests="1" failures="0" timestamp="2021-05-04T10:47:12 IST" time="9.267" errors="0">
  <testcase name="testOrangeHRMLive" time="9.267" classname="demo.OrangeHRMLive"/>
  <system-out/>
</testsuite> <!-- demo.OrangeHRMLive -->
