<?xml version="1.0" encoding="UTF-8"?>
<!-- Generated by org.testng.reporters.JUnitReportReporter -->
<testsuite skipped="0" hostname="INHYNJRAYALA01" name="test.TestNGDemo" tests="1" failures="0" timestamp="2021-03-26T19:58:25 IST" time="58.827" errors="0">
  <testcase name="googleSearch" time="58.827" classname="test.TestNGDemo"/>
  <system-out/>
</testsuite> <!-- test.TestNGDemo -->
