<?xml version="1.0" encoding="UTF-8"?>
<!-- Generated by org.testng.reporters.JUnitReportReporter -->
<testsuite skipped="0" hostname="INHYNJRAYALA01" name="test.TestNGIgnoreDemo" tests="1" failures="0" timestamp="2021-04-28T11:14:21 IST" time="0.007" errors="0">
  <testcase name="test1" time="0.007" classname="test.TestNGIgnoreDemo"/>
  <system-out/>
</testsuite> <!-- test.TestNGIgnoreDemo -->
