<?xml version="1.0" encoding="UTF-8"?>
<!-- Generated by org.testng.reporters.JUnitReportReporter -->
<testsuite skipped="0" hostname="INHYNJRAYALA01" name="test.TestNGDependencyDemo" tests="3" failures="0" timestamp="2021-04-27T12:37:54 IST" time="0.008" errors="0">
  <testcase name="test1" time="0.001" classname="test.TestNGDependencyDemo"/>
  <system-out/>
  <testcase name="test2" time="0.006" classname="test.TestNGDependencyDemo"/>
  <system-out/>
  <testcase name="test3" time="0.001" classname="test.TestNGDependencyDemo"/>
  <system-out/>
</testsuite> <!-- test.TestNGDependencyDemo -->
