<?xml version="1.0" encoding="UTF-8"?>
<!-- Generated by org.testng.reporters.JUnitReportReporter -->
<testsuite skipped="1" hostname="INHYNJRAYALA01" name="listeners.TestNGListenerDemo" tests="3" failures="0" timestamp="2021-04-13T14:19:35 IST" time="3.712" errors="0">
  <testcase name="test2" time="3.705" classname="listeners.TestNGListenerDemo"/>
  <system-out/>
  <testcase name="test3" time="0.001" classname="listeners.TestNGListenerDemo">
    <skipped/>
  </testcase> <!-- test3 -->
  <system-out/>
  <testcase name="test1" time="0.006" classname="listeners.TestNGListenerDemo"/>
  <system-out/>
</testsuite> <!-- listeners.TestNGListenerDemo -->
