<?xml version="1.0" encoding="UTF-8"?>
<!-- Generated by org.testng.reporters.JUnitReportReporter -->
<testsuite skipped="0" hostname="INHYNJRAYALA01" name="TestNGPriorityDemo" tests="3" failures="0" timestamp="2021-04-18T14:25:30 IST" time="0.016" errors="0">
  <testcase name="two" time="0.013" classname="TestNGPriorityDemo"/>
  <system-out/>
  <testcase name="one" time="0.001" classname="TestNGPriorityDemo"/>
  <system-out/>
  <testcase name="three" time="0.002" classname="TestNGPriorityDemo"/>
  <system-out/>
</testsuite> <!-- TestNGPriorityDemo -->
