<?xml version="1.0" encoding="UTF-8"?>
<!-- Generated by org.testng.reporters.JUnitReportReporter -->
<testsuite skipped="0" hostname="INHYNJRAYALA01" name="test.TestNGDependecyDemo2" tests="3" failures="0" timestamp="2021-04-27T12:52:38 IST" time="0.007" errors="0">
  <testcase name="test3" time="0.001" classname="test.TestNGDependecyDemo2"/>
  <system-out/>
  <testcase name="test" time="0.001" classname="test.TestNGDependecyDemo2"/>
  <system-out/>
  <testcase name="test2" time="0.005" classname="test.TestNGDependecyDemo2"/>
  <system-out/>
</testsuite> <!-- test.TestNGDependecyDemo2 -->
