<?xml version="1.0" encoding="UTF-8"?>
<!-- Generated by org.testng.reporters.JUnitReportReporter -->
<testsuite skipped="0" hostname="INHYNJRAYALA01" name="test.TestNGParametersDemo" tests="1" failures="0" timestamp="2021-04-28T11:56:39 IST" time="0.006" errors="0">
  <testcase name="test" time="0.006" classname="test.TestNGParametersDemo"/>
  <system-out/>
</testsuite> <!-- test.TestNGParametersDemo -->
