<?xml version="1.0" encoding="UTF-8"?>
<!-- Generated by org.testng.reporters.JUnitReportReporter -->
<testsuite skipped="0" hostname="INHYNJRAYALA01" name="test.TestNGDemo2" tests="2" failures="0" timestamp="2021-03-26T19:58:25 IST" time="78.877" errors="0">
  <testcase name="googleSearch3" time="18.360" classname="test.TestNGDemo2"/>
  <system-out/>
  <testcase name="googleSearch2" time="60.517" classname="test.TestNGDemo2"/>
  <system-out/>
</testsuite> <!-- test.TestNGDemo2 -->
