<?xml version="1.0" encoding="UTF-8"?>
<!-- Generated by org.testng.reporters.JUnitReportReporter -->
<testsuite skipped="0" hostname="INHYNJRAYALA01" name="test.TestWebToursLogin2" tests="1" failures="0" timestamp="2021-03-27T16:02:33 IST" time="8.985" errors="0">
  <testcase name="WebToursLogin" time="8.985" classname="test.TestWebToursLogin2"/>
  <system-out/>
</testsuite> <!-- test.TestWebToursLogin2 -->
