<?xml version="1.0" encoding="UTF-8"?>
<!-- Generated by org.testng.reporters.JUnitReportReporter -->
<testsuite skipped="0" hostname="INHYNJRAYALA01" name="test.TestNGGroupsDemo" tests="5" failures="0" timestamp="2021-04-28T11:21:17 IST" time="0.008" errors="0">
  <testcase name="test3" time="0.001" classname="test.TestNGGroupsDemo"/>
  <system-out/>
  <testcase name="test1" time="0.005" classname="test.TestNGGroupsDemo"/>
  <system-out/>
  <testcase name="test4" time="0.000" classname="test.TestNGGroupsDemo"/>
  <system-out/>
  <testcase name="test2" time="0.001" classname="test.TestNGGroupsDemo"/>
  <system-out/>
  <testcase name="test5" time="0.001" classname="test.TestNGGroupsDemo"/>
  <system-out/>
</testsuite> <!-- test.TestNGGroupsDemo -->
