<?xml version="1.0" encoding="UTF-8"?>
<!-- Generated by org.testng.reporters.JUnitReportReporter -->
<testsuite skipped="0" hostname="INHYNJRAYALA01" name="config.PropertiesDemo" tests="1" failures="0" timestamp="2021-04-01T10:39:42 IST" time="1.695" errors="0">
  <testcase name="test" time="1.695" classname="config.PropertiesDemo"/>
  <system-out/>
</testsuite> <!-- config.PropertiesDemo -->
