<?xml version="1.0" encoding="UTF-8"?>
<!-- Generated by org.testng.reporters.JUnitReportReporter -->
<testsuite skipped="0" hostname="INHYNJRAYALA01" name="test.ExtentReportTestNGDemo" tests="1" failures="0" timestamp="2021-03-27T18:35:08 IST" time="10.634" errors="0">
  <testcase name="test" time="10.634" classname="test.ExtentReportTestNGDemo"/>
  <system-out/>
</testsuite> <!-- test.ExtentReportTestNGDemo -->
