<?xml version="1.0" encoding="UTF-8"?>
<!-- Generated by org.testng.reporters.JUnitReportReporter -->
<testsuite skipped="0" hostname="INHYNJRAYALA01" name="test.TestNGDemo" tests="1" failures="0" timestamp="2021-07-28T12:03:17 IST" time="3.704" errors="0">
  <testcase name="googleSearch" time="3.704" classname="test.TestNGDemo"/>
  <system-out/>
</testsuite> <!-- test.TestNGDemo -->
