<?xml version="1.0" encoding="UTF-8"?>
<!-- Generated by org.testng.reporters.JUnitReportReporter -->
<testsuite skipped="0" hostname="INHYNJRAYALA01" name="test.TestNGRetryFailedDemo" tests="3" failures="0" timestamp="2021-04-28T12:12:26 IST" time="0.010" errors="0">
  <testcase name="test2" time="0.001" classname="test.TestNGRetryFailedDemo"/>
  <system-out/>
  <testcase name="test3" time="0.001" classname="test.TestNGRetryFailedDemo"/>
  <system-out/>
  <testcase name="test1" time="0.008" classname="test.TestNGRetryFailedDemo"/>
  <system-out/>
</testsuite> <!-- test.TestNGRetryFailedDemo -->
